<?xml version="1.0" encoding="UTF-8"?>
<testng-results skipped="0" failed="0" total="1" passed="1">
  <reporter-output>
  </reporter-output>
  <suite name="Default suite" duration-ms="47755" started-at="2022-01-24T15:19:01Z" finished-at="2022-01-24T15:19:49Z">
    <groups>
    </groups>
    <test name="Default test" duration-ms="47755" started-at="2022-01-24T15:19:01Z" finished-at="2022-01-24T15:19:49Z">
      <class name="Example.Login">
        <test-method status="PASS" signature="login()[pri:0, instance:Example.Login@62ee68d8]" name="login" duration-ms="47732" started-at="2022-01-24T20:49:01Z" finished-at="2022-01-24T20:49:49Z">
          <reporter-output>
          </reporter-output>
        </test-method> <!-- login -->
      </class> <!-- Example.Login -->
    </test> <!-- Default test -->
  </suite> <!-- Default suite -->
</testng-results>
